Base path: 'D:/Studio/Unity/Editor/2019.2.6f1/Editor/Data', plugins path 'D:/Studio/Unity/Editor/2019.2.6f1/Editor/Data/PlaybackEngines'
Cmd: initializeCompiler
Cmd: compileComputeKernel
  api=4 insize=3273 outsize=1916 ok=1
Cmd: compileComputeKernel
  api=4 insize=1526 outsize=1520 ok=1
Cmd: compileComputeKernel
  api=4 insize=2343 outsize=1334 ok=1
Cmd: initializeCompiler
Cmd: initializeCompiler
Cmd: compileComputeKernel
  api=4 insize=15603 outsize=38538 ok=1
Cmd: compileComputeKernel
  api=4 insize=15603 outsize=35940 ok=1
Cmd: compileComputeKernel
  api=4 insize=15603 outsize=48540 ok=1
Cmd: compileComputeKernel
  api=4 insize=15603 outsize=57607 ok=1
Cmd: compileComputeKernel
  api=4 insize=15603 outsize=50857 ok=1
Cmd: compileComputeKernel
  api=4 insize=25750 outsize=324 ok=1
Cmd: compileComputeKernel
  api=4 insize=1326 outsize=678 ok=1
Cmd: compileComputeKernel
  api=4 insize=2648 outsize=1945 ok=1
Cmd: compileComputeKernel
  api=4 insize=1940 outsize=1220 ok=1
Cmd: compileComputeKernel
  api=4 insize=13624 outsize=3543 ok=1
Cmd: compileComputeKernel
  api=4 insize=20668 outsize=27771 ok=1
Cmd: compileComputeKernel
  api=4 insize=36515 outsize=33663 ok=1
Cmd: compileComputeKernel
  api=4 insize=5065 outsize=2822 ok=1
Cmd: compileComputeKernel
  api=4 insize=3043 outsize=2697 ok=1
Cmd: compileComputeKernel
  api=4 insize=7700 outsize=4339 ok=1
Cmd: compileComputeKernel
  api=4 insize=3918 outsize=677 ok=1
Cmd: compileComputeKernel
  api=4 insize=17632 outsize=668 ok=1
Cmd: compileComputeKernel
  api=4 insize=19711 outsize=14761 ok=1
Cmd: compileSnippet
  api=4 type=1 insize=1664 outsize=318 kw= pd=UNITY_ENABLE_REFLECTION_BUFFERS UNITY_USE_DITHER_MASK_FOR_ALPHABLENDED_SHADOWS UNITY_PBS_USE_BRDF1 UNITY_SPECCUBE_BOX_PROJECTION UNITY_SPECCUBE_BLENDING UNITY_ENABLE_DETAIL_NORMALMAP SHADER_API_DESKTOP UNITY_LIGHT_PROBE_PROXY_VOLUME UNITY_LIGHTMAP_FULL_HDR ok=1
Cmd: compileSnippet
  api=4 type=1 insize=2724 outsize=926 kw=CHECKERBOARD_DOWNSAMPLE pd=UNITY_ENABLE_REFLECTION_BUFFERS UNITY_USE_DITHER_MASK_FOR_ALPHABLENDED_SHADOWS UNITY_PBS_USE_BRDF1 UNITY_SPECCUBE_BOX_PROJECTION UNITY_SPECCUBE_BLENDING UNITY_ENABLE_DETAIL_NORMALMAP SHADER_API_DESKTOP UNITY_LIGHT_PROBE_PROXY_VOLUME UNITY_LIGHTMAP_FULL_HDR ok=1
Cmd: compileSnippet
  api=4 type=1 insize=12255 outsize=4402 kw= pd=UNITY_ENABLE_REFLECTION_BUFFERS UNITY_USE_DITHER_MASK_FOR_ALPHABLENDED_SHADOWS UNITY_PBS_USE_BRDF1 UNITY_SPECCUBE_BOX_PROJECTION UNITY_SPECCUBE_BLENDING UNITY_ENABLE_DETAIL_NORMALMAP SHADER_API_DESKTOP UNITY_LIGHT_PROBE_PROXY_VOLUME UNITY_LIGHTMAP_FULL_HDR ok=1

Quitting shader compiler process
