Base path: 'D:/Studio/Unity/Editor/2019.2.6f1/Editor/Data', plugins path 'D:/Studio/Unity/Editor/2019.2.6f1/Editor/Data/PlaybackEngines'
Cmd: initializeCompiler
Cmd: compileComputeKernel
  api=4 insize=1526 outsize=368 ok=1
Cmd: initializeCompiler
Cmd: initializeCompiler
Cmd: compileComputeKernel
  api=4 insize=15603 outsize=95785 ok=1
Cmd: compileComputeKernel
  api=4 insize=15603 outsize=98261 ok=1
Cmd: compileComputeKernel
  api=4 insize=1042 outsize=3163 ok=1
Cmd: compileComputeKernel
  api=4 insize=9347 outsize=9139 ok=1
Cmd: compileComputeKernel
  api=4 insize=9461 outsize=4294 ok=1
Cmd: compileComputeKernel
  api=4 insize=4918 outsize=2350 ok=1
Cmd: compileComputeKernel
  api=4 insize=21554 outsize=15241 ok=1
Cmd: compileComputeKernel
  api=4 insize=36515 outsize=36696 ok=1
Cmd: compileComputeKernel
  api=4 insize=5065 outsize=1297 ok=1
Cmd: compileComputeKernel
  api=4 insize=9814 outsize=2460 ok=1
Cmd: compileComputeKernel
  api=4 insize=3918 outsize=885 ok=1
Cmd: compileComputeKernel
  api=4 insize=19711 outsize=24850 ok=1
Cmd: compileSnippet
  api=4 type=0 insize=1664 outsize=402 kw= pd=UNITY_ENABLE_REFLECTION_BUFFERS UNITY_USE_DITHER_MASK_FOR_ALPHABLENDED_SHADOWS UNITY_PBS_USE_BRDF1 UNITY_SPECCUBE_BOX_PROJECTION UNITY_SPECCUBE_BLENDING UNITY_ENABLE_DETAIL_NORMALMAP SHADER_API_DESKTOP UNITY_LIGHT_PROBE_PROXY_VOLUME UNITY_LIGHTMAP_FULL_HDR ok=1
Cmd: compileSnippet
  api=4 type=0 insize=2724 outsize=530 kw=CHECKERBOARD_DOWNSAMPLE pd=UNITY_ENABLE_REFLECTION_BUFFERS UNITY_USE_DITHER_MASK_FOR_ALPHABLENDED_SHADOWS UNITY_PBS_USE_BRDF1 UNITY_SPECCUBE_BOX_PROJECTION UNITY_SPECCUBE_BLENDING UNITY_ENABLE_DETAIL_NORMALMAP SHADER_API_DESKTOP UNITY_LIGHT_PROBE_PROXY_VOLUME UNITY_LIGHTMAP_FULL_HDR ok=1

Quitting shader compiler process
