Base path: 'D:/Studio/Unity/Editor/2019.2.6f1/Editor/Data', plugins path 'D:/Studio/Unity/Editor/2019.2.6f1/Editor/Data/PlaybackEngines'
Cmd: initializeCompiler
Cmd: compileComputeKernel
  api=4 insize=2549 outsize=935 ok=1
Cmd: compileComputeKernel
  api=4 insize=15603 outsize=15253 ok=1
Cmd: compileComputeKernel
  api=4 insize=15603 outsize=75158 ok=1
Cmd: compileComputeKernel
  api=4 insize=15603 outsize=44746 ok=1
Cmd: compileComputeKernel
  api=4 insize=15603 outsize=44478 ok=1
Cmd: compileComputeKernel
  api=4 insize=3687 outsize=3172 ok=1
Cmd: compileComputeKernel
  api=4 insize=21554 outsize=15086 ok=1
Cmd: compileComputeKernel
  api=4 insize=2905 outsize=1865 ok=1
Cmd: compileComputeKernel
  api=4 insize=36515 outsize=32395 ok=1
Cmd: compileComputeKernel
  api=4 insize=5065 outsize=1485 ok=1
Cmd: compileComputeKernel
  api=4 insize=15717 outsize=3063 ok=1
Cmd: compileComputeKernel
  api=4 insize=8970 outsize=244 ok=1
Cmd: compileComputeKernel
  api=4 insize=3043 outsize=551 ok=1
Cmd: compileComputeKernel
  api=4 insize=7700 outsize=3364 ok=1
Cmd: compileComputeKernel
  api=4 insize=5725 outsize=5009 ok=1
Cmd: compileComputeKernel
  api=4 insize=19711 outsize=756 ok=1
Cmd: compileSnippet
  api=4 type=0 insize=2865 outsize=542 kw= pd=UNITY_ENABLE_REFLECTION_BUFFERS UNITY_USE_DITHER_MASK_FOR_ALPHABLENDED_SHADOWS UNITY_PBS_USE_BRDF1 UNITY_SPECCUBE_BOX_PROJECTION UNITY_SPECCUBE_BLENDING UNITY_ENABLE_DETAIL_NORMALMAP SHADER_API_DESKTOP UNITY_LIGHT_PROBE_PROXY_VOLUME UNITY_LIGHTMAP_FULL_HDR ok=1
Cmd: compileSnippet
  api=4 type=1 insize=4138 outsize=1778 kw=NEAREST_DEPTH pd=UNITY_ENABLE_REFLECTION_BUFFERS UNITY_USE_DITHER_MASK_FOR_ALPHABLENDED_SHADOWS UNITY_PBS_USE_BRDF1 UNITY_SPECCUBE_BOX_PROJECTION UNITY_SPECCUBE_BLENDING UNITY_ENABLE_DETAIL_NORMALMAP SHADER_API_DESKTOP UNITY_LIGHT_PROBE_PROXY_VOLUME UNITY_LIGHTMAP_FULL_HDR ok=1
Cmd: compileSnippet
  api=4 type=0 insize=7138 outsize=1670 kw=SHADOWS_SHADOWMASK DECALS_3RT _NORMALMAP_TANGENT_SPACE pd=UNITY_ENABLE_REFLECTION_BUFFERS UNITY_USE_DITHER_MASK_FOR_ALPHABLENDED_SHADOWS UNITY_PBS_USE_BRDF1 UNITY_SPECCUBE_BOX_PROJECTION UNITY_SPECCUBE_BLENDING UNITY_ENABLE_DETAIL_NORMALMAP SHADER_API_DESKTOP UNITY_LIGHT_PROBE_PROXY_VOLUME UNITY_LIGHTMAP_FULL_HDR ok=1

Quitting shader compiler process
