Base path: 'D:/Studio/Unity/Editor/2019.2.6f1/Editor/Data', plugins path 'D:/Studio/Unity/Editor/2019.2.6f1/Editor/Data/PlaybackEngines'
Cmd: initializeCompiler
Cmd: compileComputeKernel
  api=4 insize=1435 outsize=1557 ok=1
Cmd: initializeCompiler
Cmd: initializeCompiler
Cmd: compileComputeKernel
  api=4 insize=15603 outsize=45448 ok=1
Cmd: compileComputeKernel
  api=4 insize=15603 outsize=44181 ok=1
Cmd: compileComputeKernel
  api=4 insize=15603 outsize=15264 ok=1
Cmd: compileComputeKernel
  api=4 insize=15603 outsize=48544 ok=1
Cmd: compileComputeKernel
  api=4 insize=15603 outsize=68560 ok=1
Cmd: compileComputeKernel
  api=4 insize=25750 outsize=15879 ok=1
Cmd: compileComputeKernel
  api=4 insize=9461 outsize=3350 ok=1
Cmd: compileComputeKernel
  api=4 insize=4918 outsize=2708 ok=1
Cmd: compileComputeKernel
  api=4 insize=1940 outsize=2732 ok=1
Cmd: compileComputeKernel
  api=4 insize=13624 outsize=4058 ok=1
Cmd: compileComputeKernel
  api=4 insize=2643 outsize=1197 ok=1
Cmd: compileComputeKernel
  api=4 insize=21554 outsize=15324 ok=1
Cmd: compileComputeKernel
  api=4 insize=7247 outsize=8217 ok=1
Cmd: compileComputeKernel
  api=4 insize=21751 outsize=21741 ok=1
Cmd: compileComputeKernel
  api=4 insize=20668 outsize=95091 ok=1
Cmd: compileComputeKernel
  api=4 insize=36515 outsize=36014 ok=1
Cmd: compileComputeKernel
  api=4 insize=5065 outsize=1174 ok=1
Cmd: compileComputeKernel
  api=4 insize=9814 outsize=4225 ok=1
Cmd: compileComputeKernel
  api=4 insize=7700 outsize=4600 ok=1
Cmd: compileComputeKernel
  api=4 insize=3918 outsize=3422 ok=1
Cmd: compileSnippet
  api=4 type=1 insize=2724 outsize=926 kw=CHECKERBOARD_DOWNSAMPLE pd=UNITY_ENABLE_REFLECTION_BUFFERS UNITY_USE_DITHER_MASK_FOR_ALPHABLENDED_SHADOWS UNITY_PBS_USE_BRDF1 UNITY_SPECCUBE_BOX_PROJECTION UNITY_SPECCUBE_BLENDING UNITY_ENABLE_DETAIL_NORMALMAP SHADER_API_DESKTOP UNITY_COLORSPACE_GAMMA UNITY_LIGHT_PROBE_PROXY_VOLUME UNITY_LIGHTMAP_FULL_HDR ok=1
Cmd: compileSnippet
  api=4 type=0 insize=2998 outsize=402 kw= pd=UNITY_ENABLE_REFLECTION_BUFFERS UNITY_USE_DITHER_MASK_FOR_ALPHABLENDED_SHADOWS UNITY_PBS_USE_BRDF1 UNITY_SPECCUBE_BOX_PROJECTION UNITY_SPECCUBE_BLENDING UNITY_ENABLE_DETAIL_NORMALMAP SHADER_API_DESKTOP UNITY_LIGHT_PROBE_PROXY_VOLUME UNITY_LIGHTMAP_FULL_HDR ok=1
Cmd: compileSnippet
  api=4 type=0 insize=1373 outsize=402 kw= pd=UNITY_ENABLE_REFLECTION_BUFFERS UNITY_USE_DITHER_MASK_FOR_ALPHABLENDED_SHADOWS UNITY_PBS_USE_BRDF1 UNITY_SPECCUBE_BOX_PROJECTION UNITY_SPECCUBE_BLENDING UNITY_ENABLE_DETAIL_NORMALMAP SHADER_API_DESKTOP UNITY_LIGHT_PROBE_PROXY_VOLUME UNITY_LIGHTMAP_FULL_HDR ok=1
Cmd: compileSnippet
  api=4 type=0 insize=2724 outsize=530 kw=MIN_DOWNSAMPLE pd=UNITY_ENABLE_REFLECTION_BUFFERS UNITY_USE_DITHER_MASK_FOR_ALPHABLENDED_SHADOWS UNITY_PBS_USE_BRDF1 UNITY_SPECCUBE_BOX_PROJECTION UNITY_SPECCUBE_BLENDING UNITY_ENABLE_DETAIL_NORMALMAP SHADER_API_DESKTOP UNITY_LIGHT_PROBE_PROXY_VOLUME UNITY_LIGHTMAP_FULL_HDR ok=1
Cmd: compileSnippet
  api=4 type=1 insize=7138 outsize=6094 kw=SHADOWS_SHADOWMASK DECALS_3RT _NORMALMAP_TANGENT_SPACE pd=UNITY_ENABLE_REFLECTION_BUFFERS UNITY_USE_DITHER_MASK_FOR_ALPHABLENDED_SHADOWS UNITY_PBS_USE_BRDF1 UNITY_SPECCUBE_BOX_PROJECTION UNITY_SPECCUBE_BLENDING UNITY_ENABLE_DETAIL_NORMALMAP SHADER_API_DESKTOP UNITY_LIGHT_PROBE_PROXY_VOLUME UNITY_LIGHTMAP_FULL_HDR ok=1
Cmd: compileSnippet
  api=4 type=1 insize=12255 outsize=5206 kw=_ENABLE_SUN_DISK pd=UNITY_ENABLE_REFLECTION_BUFFERS UNITY_USE_DITHER_MASK_FOR_ALPHABLENDED_SHADOWS UNITY_PBS_USE_BRDF1 UNITY_SPECCUBE_BOX_PROJECTION UNITY_SPECCUBE_BLENDING UNITY_ENABLE_DETAIL_NORMALMAP SHADER_API_DESKTOP UNITY_LIGHT_PROBE_PROXY_VOLUME UNITY_LIGHTMAP_FULL_HDR ok=1

Quitting shader compiler process
